  Component.cpp
  Engine.cpp
C:\Users\allie\Documents\Game Engine\HW5\Engine\src\EngineUtils.h(30,30): warning C4189: 'errorCode': local variable is initialized but not referenced
C:\Users\allie\Documents\Game Engine\HW5\Engine\src\Engine.cpp(89,15): warning C4459: declaration of 'game_start_message' hides global declaration
C:\Users\allie\Documents\Game Engine\HW5\Engine\src\MapHelper.h(13,19): message : see declaration of 'game_start_message'
C:\Users\allie\Documents\Game Engine\HW5\Engine\src\Engine.cpp(122,17): warning C4459: declaration of 'game_over_bad_message' hides global declaration
C:\Users\allie\Documents\Game Engine\HW5\Engine\src\MapHelper.h(26,19): message : see declaration of 'game_over_bad_message'
C:\Users\allie\Documents\Game Engine\HW5\Engine\src\Engine.cpp(329,33): warning C4267: 'initializing': conversion from 'size_t' to 'int', possible loss of data
C:\Users\allie\Documents\Game Engine\HW5\Engine\src\Engine.cpp(365,17): warning C4459: declaration of 'game_over_good_message' hides global declaration
C:\Users\allie\Documents\Game Engine\HW5\Engine\src\MapHelper.h(43,19): message : see declaration of 'game_over_good_message'
C:\Users\allie\Documents\Game Engine\HW5\Engine\src\Engine.cpp(380,17): warning C4459: declaration of 'game_over_bad_message' hides global declaration
C:\Users\allie\Documents\Game Engine\HW5\Engine\src\MapHelper.h(26,19): message : see declaration of 'game_over_bad_message'
  Entity.cpp
  HealthComponent.cpp
  main.cpp
C:\Users\allie\Documents\Game Engine\HW5\Engine\src\EngineUtils.h(30,30): warning C4189: 'errorCode': local variable is initialized but not referenced
C:\Users\allie\Documents\Game Engine\HW5\Engine\src\main.cpp(13,26): warning C4100: 'argv': unreferenced formal parameter
C:\Users\allie\Documents\Game Engine\HW5\Engine\src\main.cpp(13,14): warning C4100: 'argc': unreferenced formal parameter
C:\Users\allie\Documents\Game Engine\HW5\Engine\src\main.cpp(15,14): warning C4189: 'window': local variable is initialized but not referenced
  SceneDB.cpp
C:\Users\allie\Documents\Game Engine\HW5\Engine\src\EngineUtils.h(30,30): warning C4189: 'errorCode': local variable is initialized but not referenced
C:\Users\allie\Documents\Game Engine\HW5\Engine\src\SceneDB.cpp(151,24): warning C4244: '=': conversion from 'uint64_t' to 'int', possible loss of data
C:\Users\allie\Documents\Game Engine\HW5\Engine\src\SceneDB.cpp(156,25): warning C4244: '=': conversion from 'uint64_t' to 'int', possible loss of data
C:\Users\allie\Documents\Game Engine\HW5\Engine\src\SceneDB.cpp(352,14): warning C4267: 'initializing': conversion from 'size_t' to 'int', possible loss of data
  TemplateDB.cpp
Engine.obj : error LNK2001: unresolved external symbol __imp__CrtDbgReport
Engine.obj : error LNK2001: unresolved external symbol __imp__invalid_parameter
Engine.obj : error LNK2001: unresolved external symbol __imp__calloc_dbg
msvcprtd.lib(filesystem.obj) : error LNK2001: unresolved external symbol __imp__free_dbg
msvcprtd.lib(locale0_implib.obj) : error LNK2001: unresolved external symbol __imp__free_dbg
msvcprtd.lib(filesystem.obj) : error LNK2001: unresolved external symbol __imp__malloc_dbg
msvcprtd.lib(locale0_implib.obj) : error LNK2001: unresolved external symbol __imp__malloc_dbg
C:\Users\allie\Documents\Game Engine\HW5\Engine\x64\Release\Engine.exe : fatal error LNK1120: 5 unresolved externals
